[0m[[0m[0mdebug[0m] [0m[0m> Exec(test, None, None)[0m
[0m[[0m[0mdebug[0m] [0m[0mEvaluating tasks: Test / test[0m
[0m[[0m[0mdebug[0m] [0m[0mRunning task... Cancel: Signal, check cycles: false, forcegc: true[0m
[0m[[0m[0minfo[0m] [0m[0mcompiling 14 Scala sources to /home/aaron/Documents/VUB/2MA/ccbd/ASSIGNMENTS/CRDT_AST/target/scala-2.13/classes ...[0m
[0m[[0m[0minfo[0m] [0m[0mdone compiling[0m
[0m[[0m[0minfo[0m] [0m[0mcompiling 1 Scala source to /home/aaron/Documents/VUB/2MA/ccbd/ASSIGNMENTS/CRDT_AST/target/scala-2.13/test-classes ...[0m
[0m[[0m[31merror[0m] [0m[0m/home/aaron/Documents/VUB/2MA/ccbd/ASSIGNMENTS/CRDT_AST/src/test/scala/AST/HeadedASTTest.scala:3:8: not found: object utest[0m
[0m[[0m[31merror[0m] [0m[0mimport utest._[0m
[0m[[0m[31merror[0m] [0m[0m       ^[0m
[0m[[0m[31merror[0m] [0m[0m/home/aaron/Documents/VUB/2MA/ccbd/ASSIGNMENTS/CRDT_AST/src/test/scala/AST/HeadedASTTest.scala:5:30: not found: type TestSuite[0m
[0m[[0m[31merror[0m] [0m[0mobject HeadedASTTest extends TestSuite {[0m
[0m[[0m[31merror[0m] [0m[0m                             ^[0m
[0m[[0m[31merror[0m] [0m[0m/home/aaron/Documents/VUB/2MA/ccbd/ASSIGNMENTS/CRDT_AST/src/test/scala/AST/HeadedASTTest.scala:6:24: not found: value Tests[0m
[0m[[0m[31merror[0m] [0m[0m  override def tests = Tests {[0m
[0m[[0m[31merror[0m] [0m[0m                       ^[0m
[0m[[0m[31merror[0m] [0m[0m/home/aaron/Documents/VUB/2MA/ccbd/ASSIGNMENTS/CRDT_AST/src/test/scala/AST/HeadedASTTest.scala:7:5: not found: value test[0m
[0m[[0m[31merror[0m] [0m[0m    test("Creation") {[0m
[0m[[0m[31merror[0m] [0m[0m    ^[0m
[0m[[0m[31merror[0m] [0m[0mfour errors found[0m
[0m[[0m[0mdebug[0m] [0m[0mGlobal IR cache stats: reused: 0 -- invalidated: 0 -- trees read: 0[0m
[0m[[0m[31merror[0m] [0m[0m(Test / [31mcompileIncremental[0m) Compilation failed[0m
[0m[[0m[31merror[0m] [0m[0mTotal time: 3 s, completed Nov 25, 2021 10:35:52 PM[0m
[0m[[0m[0mdebug[0m] [0m[0m> Exec(idea-shell, None, None)[0m
